0 info it worked if it ends with ok
1 verbose cli [ '/opt/conda/bin/node',
1 verbose cli   '/opt/conda/bin/npm',
1 verbose cli   'install',
1 verbose cli   '@jupyterlab/filebrowser-extension' ]
2 info using npm@6.5.0
3 info using node@v11.9.0
4 verbose npm-session cd2978412cf9118b
5 silly install loadCurrentTree
6 silly install readLocalPackageData
7 http fetch GET 200 https://registry.npmjs.org/@jupyterlab%2ffilebrowser-extension 5261ms
8 silly pacote tag manifest for @jupyterlab/filebrowser-extension@latest fetched in 5273ms
9 timing stage:loadCurrentTree Completed in 5742ms
10 silly install loadIdealTree
11 silly install cloneCurrentTreeToIdealTree
12 timing stage:loadIdealTree:cloneCurrentTree Completed in 2ms
13 silly install loadShrinkwrap
14 timing stage:loadIdealTree:loadShrinkwrap Completed in 121ms
15 silly install loadAllDepsIntoIdealTree
16 timing stage:rollbackFailedOptional Completed in 0ms
17 timing stage:runTopLevelLifecycles Completed in 5869ms
18 silly saveTree @jupyterlab/filebrowser-extension@0.19.2
18 silly saveTree ├─┬ @jupyterlab/application@0.19.1
18 silly saveTree │ ├─┬ @jupyterlab/apputils@0.19.1
18 silly saveTree │ │ ├─┬ @jupyterlab/coreutils@2.2.1
18 silly saveTree │ │ │ ├── @phosphor/algorithm@1.1.2
18 silly saveTree │ │ │ ├── @phosphor/coreutils@1.3.0
18 silly saveTree │ │ │ ├── @phosphor/disposable@1.1.2
18 silly saveTree │ │ │ ├── @phosphor/signaling@1.2.2
18 silly saveTree │ │ │ ├─┬ ajv@5.1.6
18 silly saveTree │ │ │ │ ├── co@4.6.0
18 silly saveTree │ │ │ │ ├── json-schema-traverse@0.3.1
18 silly saveTree │ │ │ │ └─┬ json-stable-stringify@1.0.1
18 silly saveTree │ │ │ │   └── jsonify@0.0.0
18 silly saveTree │ │ │ ├─┬ comment-json@1.1.3
18 silly saveTree │ │ │ │ └─┬ json-parser@1.1.5
18 silly saveTree │ │ │ │   └── esprima@2.7.3
18 silly saveTree │ │ │ ├── minimist@1.2.0
18 silly saveTree │ │ │ ├── moment@2.21.0
18 silly saveTree │ │ │ ├── path-posix@1.0.0
18 silly saveTree │ │ │ └─┬ url-parse@1.4.4
18 silly saveTree │ │ │   ├── querystringify@2.1.0
18 silly saveTree │ │ │   └── requires-port@1.0.0
18 silly saveTree │ │ ├─┬ @jupyterlab/services@3.2.1
18 silly saveTree │ │ │ └─┬ @jupyterlab/observables@2.1.1
18 silly saveTree │ │ │   └─┬ @phosphor/messaging@1.2.2
18 silly saveTree │ │ │     └── @phosphor/collections@1.1.2
18 silly saveTree │ │ ├── @phosphor/algorithm@1.1.2
18 silly saveTree │ │ ├─┬ @phosphor/commands@1.6.1
18 silly saveTree │ │ │ ├── @phosphor/domutils@1.1.2
18 silly saveTree │ │ │ └── @phosphor/keyboard@1.1.2
18 silly saveTree │ │ ├── @phosphor/coreutils@1.3.0
18 silly saveTree │ │ ├── @phosphor/disposable@1.1.2
18 silly saveTree │ │ ├── @phosphor/domutils@1.1.2
18 silly saveTree │ │ ├── @phosphor/messaging@1.2.2
18 silly saveTree │ │ ├── @phosphor/properties@1.1.2
18 silly saveTree │ │ ├── @phosphor/signaling@1.2.2
18 silly saveTree │ │ ├── @phosphor/virtualdom@1.1.2
18 silly saveTree │ │ ├─┬ @phosphor/widgets@1.6.0
18 silly saveTree │ │ │ └── @phosphor/dragdrop@1.3.0
18 silly saveTree │ │ ├─┬ @types/react@16.4.18
18 silly saveTree │ │ │ ├── @types/prop-types@15.5.8
18 silly saveTree │ │ │ └── csstype@2.6.2
18 silly saveTree │ │ ├─┬ react-dom@16.4.2
18 silly saveTree │ │ │ ├─┬ fbjs@0.8.17
18 silly saveTree │ │ │ │ ├── core-js@1.2.7
18 silly saveTree │ │ │ │ ├─┬ isomorphic-fetch@2.2.1
18 silly saveTree │ │ │ │ │ ├─┬ node-fetch@1.7.3
18 silly saveTree │ │ │ │ │ │ ├─┬ encoding@0.1.12
18 silly saveTree │ │ │ │ │ │ │ └─┬ iconv-lite@0.4.24
18 silly saveTree │ │ │ │ │ │ │   └── safer-buffer@2.1.2
18 silly saveTree │ │ │ │ │ │ └── is-stream@1.1.0
18 silly saveTree │ │ │ │ │ └── whatwg-fetch@3.0.0
18 silly saveTree │ │ │ │ ├─┬ loose-envify@1.4.0
18 silly saveTree │ │ │ │ │ └── js-tokens@4.0.0
18 silly saveTree │ │ │ │ ├── object-assign@4.1.1
18 silly saveTree │ │ │ │ ├─┬ promise@7.3.1
18 silly saveTree │ │ │ │ │ └── asap@2.0.6
18 silly saveTree │ │ │ │ ├── setimmediate@1.0.5
18 silly saveTree │ │ │ │ └── ua-parser-js@0.7.19
18 silly saveTree │ │ │ ├── loose-envify@1.4.0
18 silly saveTree │ │ │ ├── object-assign@4.1.1
18 silly saveTree │ │ │ └── prop-types@15.6.2
18 silly saveTree │ │ ├── react@16.4.2
18 silly saveTree │ │ └─┬ sanitize-html@1.18.5
18 silly saveTree │ │   ├─┬ chalk@2.4.2
18 silly saveTree │ │   │ ├─┬ ansi-styles@3.2.1
18 silly saveTree │ │   │ │ └─┬ color-convert@1.9.3
18 silly saveTree │ │   │ │   └── color-name@1.1.3
18 silly saveTree │ │   │ ├── escape-string-regexp@1.0.5
18 silly saveTree │ │   │ └─┬ supports-color@5.5.0
18 silly saveTree │ │   │   └── has-flag@3.0.0
18 silly saveTree │ │   ├─┬ htmlparser2@3.10.0
18 silly saveTree │ │   │ ├── domelementtype@1.3.1
18 silly saveTree │ │   │ ├── domhandler@2.4.2
18 silly saveTree │ │   │ ├─┬ domutils@1.7.0
18 silly saveTree │ │   │ │ └─┬ dom-serializer@0.1.0
18 silly saveTree │ │   │ │   ├── domelementtype@1.1.3
18 silly saveTree │ │   │ │   └── entities@1.1.2
18 silly saveTree │ │   │ ├── entities@1.1.2
18 silly saveTree │ │   │ ├── inherits@2.0.3
18 silly saveTree │ │   │ └─┬ readable-stream@3.1.1
18 silly saveTree │ │   │   ├─┬ string_decoder@1.2.0
18 silly saveTree │ │   │   │ └── safe-buffer@5.1.2
18 silly saveTree │ │   │   └── util-deprecate@1.0.2
18 silly saveTree │ │   ├── lodash.clonedeep@4.5.0
18 silly saveTree │ │   ├── lodash.escaperegexp@4.1.2
18 silly saveTree │ │   ├── lodash.isplainobject@4.0.6
18 silly saveTree │ │   ├── lodash.isstring@4.0.1
18 silly saveTree │ │   ├── lodash.mergewith@4.6.1
18 silly saveTree │ │   ├─┬ postcss@6.0.23
18 silly saveTree │ │   │ └── source-map@0.6.1
18 silly saveTree │ │   ├─┬ srcset@1.0.0
18 silly saveTree │ │   │ ├── array-uniq@1.0.3
18 silly saveTree │ │   │ └── number-is-nan@1.0.1
18 silly saveTree │ │   └── xtend@4.0.1
18 silly saveTree │ ├── @jupyterlab/coreutils@2.2.1
18 silly saveTree │ ├─┬ @jupyterlab/docregistry@0.19.1
18 silly saveTree │ │ ├── @jupyterlab/codeeditor@0.19.1
18 silly saveTree │ │ ├─┬ @jupyterlab/codemirror@0.19.1
18 silly saveTree │ │ │ └── codemirror@5.39.2
18 silly saveTree │ │ ├── @jupyterlab/rendermime-interfaces@1.2.1
18 silly saveTree │ │ └─┬ @jupyterlab/rendermime@0.19.1
18 silly saveTree │ │   ├── ansi_up@3.0.0
18 silly saveTree │ │   └── marked@0.4.0
18 silly saveTree │ ├── @jupyterlab/rendermime-interfaces@1.2.1
18 silly saveTree │ ├── @jupyterlab/rendermime@0.19.1
18 silly saveTree │ ├── @jupyterlab/services@3.2.1
18 silly saveTree │ ├── @phosphor/algorithm@1.1.2
18 silly saveTree │ ├── @phosphor/application@1.6.0
18 silly saveTree │ ├── @phosphor/commands@1.6.1
18 silly saveTree │ ├── @phosphor/coreutils@1.3.0
18 silly saveTree │ ├── @phosphor/disposable@1.1.2
18 silly saveTree │ ├── @phosphor/messaging@1.2.2
18 silly saveTree │ ├── @phosphor/properties@1.1.2
18 silly saveTree │ ├── @phosphor/signaling@1.2.2
18 silly saveTree │ └── @phosphor/widgets@1.6.0
18 silly saveTree ├── @jupyterlab/apputils@0.19.1
18 silly saveTree ├── @jupyterlab/coreutils@2.2.1
18 silly saveTree ├── @jupyterlab/docmanager@0.19.1
18 silly saveTree ├── @jupyterlab/filebrowser@0.19.3
18 silly saveTree ├── @jupyterlab/launcher@0.19.1
18 silly saveTree ├── @jupyterlab/services@3.2.1
18 silly saveTree ├── @phosphor/algorithm@1.1.2
18 silly saveTree ├── @phosphor/commands@1.6.1
18 silly saveTree ├── @phosphor/messaging@1.2.2
18 silly saveTree ├── @phosphor/widgets@1.6.0
18 silly saveTree ├─┬ rimraf@2.6.3
18 silly saveTree │ └─┬ glob@7.1.3
18 silly saveTree │   ├── fs.realpath@1.0.0
18 silly saveTree │   ├─┬ inflight@1.0.6
18 silly saveTree │   │ ├─┬ once@1.4.0
18 silly saveTree │   │ │ └── wrappy@1.0.2
18 silly saveTree │   │ └── wrappy@1.0.2
18 silly saveTree │   ├─┬ minimatch@3.0.4
18 silly saveTree │   │ └─┬ brace-expansion@1.1.11
18 silly saveTree │   │   ├── balanced-match@1.0.0
18 silly saveTree │   │   └── concat-map@0.0.1
18 silly saveTree │   ├── once@1.4.0
18 silly saveTree │   └── path-is-absolute@1.0.1
18 silly saveTree ├─┬ typedoc@0.12.0
18 silly saveTree │ ├─┬ @types/fs-extra@5.0.4
18 silly saveTree │ │ └── @types/node@10.12.21
18 silly saveTree │ ├── @types/handlebars@4.0.40
18 silly saveTree │ ├── @types/highlight.js@9.12.3
18 silly saveTree │ ├── @types/lodash@4.14.120
18 silly saveTree │ ├── @types/marked@0.4.2
18 silly saveTree │ ├── @types/minimatch@3.0.3
18 silly saveTree │ ├─┬ @types/shelljs@0.8.2
18 silly saveTree │ │ └─┬ @types/glob@7.1.1
18 silly saveTree │ │   └── @types/events@3.0.0
18 silly saveTree │ ├─┬ fs-extra@7.0.1
18 silly saveTree │ │ ├── graceful-fs@4.1.15
18 silly saveTree │ │ ├── jsonfile@4.0.0
18 silly saveTree │ │ └── universalify@0.1.2
18 silly saveTree │ ├─┬ handlebars@4.1.0
18 silly saveTree │ │ ├─┬ async@2.6.1
18 silly saveTree │ │ │ └── lodash@4.17.11
18 silly saveTree │ │ ├─┬ optimist@0.6.1
18 silly saveTree │ │ │ ├── minimist@0.0.10
18 silly saveTree │ │ │ └── wordwrap@0.0.3
18 silly saveTree │ │ └─┬ uglify-js@3.4.9
18 silly saveTree │ │   └── commander@2.17.1
18 silly saveTree │ ├── highlight.js@9.14.2
18 silly saveTree │ ├── lodash@4.17.11
18 silly saveTree │ ├── progress@2.0.3
18 silly saveTree │ ├─┬ shelljs@0.8.3
18 silly saveTree │ │ ├── interpret@1.2.0
18 silly saveTree │ │ └─┬ rechoir@0.6.2
18 silly saveTree │ │   └─┬ resolve@1.10.0
18 silly saveTree │ │     └── path-parse@1.0.6
18 silly saveTree │ ├── typedoc-default-themes@0.5.0
18 silly saveTree │ └── typescript@3.0.3
18 silly saveTree └── typescript@3.1.6
19 verbose stack Error: Refusing to install package with name "@jupyterlab/filebrowser-extension" under a package
19 verbose stack also called "@jupyterlab/filebrowser-extension". Did you name your project the same
19 verbose stack as the dependency you're installing?
19 verbose stack
19 verbose stack For more information, see:
19 verbose stack     <https://docs.npmjs.com/cli/install#limitations-of-npms-install-algorithm>
19 verbose stack     at checkSelf (/opt/conda/lib/node_modules/npm/lib/install/validate-args.js:64:14)
19 verbose stack     at Array.<anonymous> (/opt/conda/lib/node_modules/npm/node_modules/slide/lib/bind-actor.js:15:8)
19 verbose stack     at LOOP (/opt/conda/lib/node_modules/npm/node_modules/slide/lib/chain.js:15:14)
19 verbose stack     at /opt/conda/lib/node_modules/npm/node_modules/slide/lib/chain.js:18:7
19 verbose stack     at hasMinimumFields (/opt/conda/lib/node_modules/npm/lib/install/validate-args.js:30:12)
19 verbose stack     at Array.<anonymous> (/opt/conda/lib/node_modules/npm/node_modules/slide/lib/bind-actor.js:15:8)
19 verbose stack     at LOOP (/opt/conda/lib/node_modules/npm/node_modules/slide/lib/chain.js:15:14)
19 verbose stack     at chain (/opt/conda/lib/node_modules/npm/node_modules/slide/lib/chain.js:20:5)
19 verbose stack     at /opt/conda/lib/node_modules/npm/lib/install/validate-args.js:16:5
19 verbose stack     at /opt/conda/lib/node_modules/npm/node_modules/slide/lib/async-map.js:52:35
19 verbose stack     at Array.forEach (<anonymous>)
19 verbose stack     at /opt/conda/lib/node_modules/npm/node_modules/slide/lib/async-map.js:52:11
19 verbose stack     at Array.forEach (<anonymous>)
19 verbose stack     at asyncMap (/opt/conda/lib/node_modules/npm/node_modules/slide/lib/async-map.js:51:8)
19 verbose stack     at module.exports (/opt/conda/lib/node_modules/npm/lib/install/validate-args.js:15:3)
19 verbose stack     at Array.<anonymous> (/opt/conda/lib/node_modules/npm/node_modules/slide/lib/bind-actor.js:15:8)
20 verbose cwd /home/jovyan/packages/flaviolici
21 verbose Linux 4.4.148-k8s
22 verbose argv "/opt/conda/bin/node" "/opt/conda/bin/npm" "install" "@jupyterlab/filebrowser-extension"
23 verbose node v11.9.0
24 verbose npm  v6.5.0
25 error code ENOSELF
26 error Refusing to install package with name "@jupyterlab/filebrowser-extension" under a package
26 error also called "@jupyterlab/filebrowser-extension". Did you name your project the same
26 error as the dependency you're installing?
26 error
26 error For more information, see:
26 error     <https://docs.npmjs.com/cli/install#limitations-of-npms-install-algorithm>
27 verbose exit [ 1, true ]
