0 info it worked if it ends with ok
1 verbose cli [ '/opt/conda/bin/node', '/opt/conda/bin/npm', 'run', 'build' ]
2 info using npm@6.5.0
3 info using node@v11.9.0
4 verbose run-script [ 'prebuild', 'build', 'postbuild' ]
5 info lifecycle @jupyterlab/filebrowser-extension@0.19.2~prebuild: @jupyterlab/filebrowser-extension@0.19.2
6 info lifecycle @jupyterlab/filebrowser-extension@0.19.2~build: @jupyterlab/filebrowser-extension@0.19.2
7 verbose lifecycle @jupyterlab/filebrowser-extension@0.19.2~build: unsafe-perm in lifecycle true
8 verbose lifecycle @jupyterlab/filebrowser-extension@0.19.2~build: PATH: /opt/conda/lib/node_modules/npm/node_modules/npm-lifecycle/node-gyp-bin:/home/jovyan/packages/flaviolici/node_modules/.bin:/opt/conda/bin:/usr/local/sbin:/usr/local/bin:/usr/sbin:/usr/bin:/sbin:/bin
9 verbose lifecycle @jupyterlab/filebrowser-extension@0.19.2~build: CWD: /home/jovyan/packages/flaviolici
10 silly lifecycle @jupyterlab/filebrowser-extension@0.19.2~build: Args: [ '-c', 'tsc' ]
11 silly lifecycle @jupyterlab/filebrowser-extension@0.19.2~build: Returned: code: 1  signal: null
12 info lifecycle @jupyterlab/filebrowser-extension@0.19.2~build: Failed to exec build script
13 verbose stack Error: @jupyterlab/filebrowser-extension@0.19.2 build: `tsc`
13 verbose stack Exit status 1
13 verbose stack     at EventEmitter.<anonymous> (/opt/conda/lib/node_modules/npm/node_modules/npm-lifecycle/index.js:301:16)
13 verbose stack     at EventEmitter.emit (events.js:197:13)
13 verbose stack     at ChildProcess.<anonymous> (/opt/conda/lib/node_modules/npm/node_modules/npm-lifecycle/lib/spawn.js:55:14)
13 verbose stack     at ChildProcess.emit (events.js:197:13)
13 verbose stack     at maybeClose (internal/child_process.js:978:16)
13 verbose stack     at Process.ChildProcess._handle.onexit (internal/child_process.js:265:5)
14 verbose pkgid @jupyterlab/filebrowser-extension@0.19.2
15 verbose cwd /home/jovyan/packages/flaviolici
16 verbose Linux 4.4.148-k8s
17 verbose argv "/opt/conda/bin/node" "/opt/conda/bin/npm" "run" "build"
18 verbose node v11.9.0
19 verbose npm  v6.5.0
20 error code ELIFECYCLE
21 error errno 1
22 error @jupyterlab/filebrowser-extension@0.19.2 build: `tsc`
22 error Exit status 1
23 error Failed at the @jupyterlab/filebrowser-extension@0.19.2 build script.
23 error This is probably not a problem with npm. There is likely additional logging output above.
24 verbose exit [ 1, true ]
